This file contains any messages produced by compilers while
running configure, to aid debugging if configure makes a mistake.

It was created by configure, which was
generated by GNU Autoconf 2.69.  Invocation command line was

  $ ./configure --disable-gettext

## --------- ##
## Platform. ##
## --------- ##

hostname = freebsd-04.vcs
uname -m = amd64
uname -r = 11.0-RELEASE-p1
uname -s = FreeBSD
uname -v = FreeBSD 11.0-RELEASE-p1 #0 r306420: Thu Sep 29 01:43:23 UTC 2016     root@releng2.nyi.freebsd.org:/usr/obj/usr/src/sys/GENERIC 

/usr/bin/uname -p = amd64
/bin/uname -X     = unknown

/bin/arch              = unknown
/usr/bin/arch -k       = unknown
/usr/convex/getsysinfo = unknown
/usr/bin/hostinfo      = unknown
/bin/machine           = unknown
/usr/bin/oslevel       = unknown
/bin/universe          = unknown

PATH: /sbin
PATH: /bin
PATH: /usr/sbin
PATH: /usr/bin
PATH: /usr/local/sbin
PATH: /usr/local/bin
PATH: /home/vagrant/bin


## ----------- ##
## Core tests. ##
## ----------- ##

configure:2475: checking build system type
configure:2489: result: amd64-unknown-freebsd11.0
configure:2509: checking host system type
configure:2522: result: amd64-unknown-freebsd11.0
configure:2563: checking how to print strings
configure:2590: result: printf
configure:2659: checking for gcc
configure:2675: found /usr/local/bin/gcc
configure:2686: result: gcc
configure:2915: checking for C compiler version
configure:2924: gcc --version >&5
gcc (FreeBSD Ports Collection) 4.8.5
Copyright (C) 2015 Free Software Foundation, Inc.
This is free software; see the source for copying conditions.  There is NO
warranty; not even for MERCHANTABILITY or FITNESS FOR A PARTICULAR PURPOSE.

configure:2935: $? = 0
configure:2924: gcc -v >&5
Using built-in specs.
COLLECT_GCC=gcc
COLLECT_LTO_WRAPPER=/usr/local/libexec/gcc48/gcc/x86_64-portbld-freebsd11.0/4.8.5/lto-wrapper
Target: x86_64-portbld-freebsd11.0
Configured with: /wrkdirs/usr/ports/lang/gcc/work/gcc-4.8.5/configure --disable-bootstrap --disable-nls --enable-gnu-indirect-function --libdir=/usr/local/lib/gcc48 --libexecdir=/usr/local/libexec/gcc48 --program-suffix=48 --with-as=/usr/local/bin/as --with-gmp=/usr/local --with-gxx-include-dir=/usr/local/lib/gcc48/include/c++/ --with-ld=/usr/local/bin/ld --with-pkgversion='FreeBSD Ports Collection' --with-system-zlib --with-ecj-jar=/usr/local/share/java/ecj-4.5.jar --enable-languages=c,c++,objc,fortran,java --prefix=/usr/local --localstatedir=/var --mandir=/usr/local/man --infodir=/usr/local/info/gcc48 --build=x86_64-portbld-freebsd11.0
Thread model: posix
gcc version 4.8.5 (FreeBSD Ports Collection) 
configure:2935: $? = 0
configure:2924: gcc -V >&5
gcc: error: unrecognized command line option '-V'
gcc: fatal error: no input files
compilation terminated.
configure:2935: $? = 1
configure:2924: gcc -qversion >&5
gcc: error: unrecognized command line option '-qversion'
gcc: fatal error: no input files
compilation terminated.
configure:2935: $? = 1
configure:2955: checking whether the C compiler works
configure:2977: gcc    conftest.c  >&5
configure:2981: $? = 0
configure:3029: result: yes
configure:3032: checking for C compiler default output file name
configure:3034: result: a.out
configure:3040: checking for suffix of executables
configure:3047: gcc -o conftest    conftest.c  >&5
configure:3051: $? = 0
configure:3073: result: 
configure:3095: checking whether we are cross compiling
configure:3103: gcc -o conftest    conftest.c  >&5
configure:3107: $? = 0
configure:3114: ./conftest
configure:3118: $? = 0
configure:3133: result: no
configure:3138: checking for suffix of object files
configure:3160: gcc -c   conftest.c >&5
configure:3164: $? = 0
configure:3185: result: o
configure:3189: checking whether we are using the GNU C compiler
configure:3208: gcc -c   conftest.c >&5
configure:3208: $? = 0
configure:3217: result: yes
configure:3226: checking whether gcc accepts -g
configure:3246: gcc -c -g  conftest.c >&5
configure:3246: $? = 0
configure:3287: result: yes
configure:3304: checking for gcc option to accept ISO C89
configure:3367: gcc  -c -g -O2  conftest.c >&5
configure:3367: $? = 0
configure:3380: result: none needed
configure:3400: checking for a sed that does not truncate output
configure:3464: result: /usr/bin/sed
configure:3482: checking for grep that handles long lines and -e
configure:3540: result: /usr/bin/grep
configure:3545: checking for egrep
configure:3607: result: /usr/bin/grep -E
configure:3612: checking for fgrep
configure:3674: result: /usr/bin/grep -F
configure:3709: checking for ld used by gcc
configure:3776: result: /usr/local/bin/ld
configure:3783: checking if the linker (/usr/local/bin/ld) is GNU ld
configure:3798: result: yes
configure:3810: checking for BSD- or MS-compatible name lister (nm)
configure:3864: result: /usr/local/bin/nm -B
configure:3994: checking the name lister (/usr/local/bin/nm -B) interface
configure:4001: gcc -c -g -O2  conftest.c >&5
configure:4004: /usr/local/bin/nm -B "conftest.o"
configure:4007: output
0000000000000000 B some_variable
configure:4014: result: BSD nm
configure:4017: checking whether ln -s works
configure:4021: result: yes
configure:4029: checking the maximum length of command line arguments
configure:4160: result: 196608
configure:4208: checking how to convert amd64-unknown-freebsd11.0 file names to amd64-unknown-freebsd11.0 format
configure:4248: result: func_convert_file_noop
configure:4255: checking how to convert amd64-unknown-freebsd11.0 file names to toolchain format
configure:4275: result: func_convert_file_noop
configure:4282: checking for /usr/local/bin/ld option to reload object files
configure:4289: result: -r
configure:4363: checking for objdump
configure:4379: found /usr/bin/objdump
configure:4390: result: objdump
configure:4422: checking how to recognize dependent libraries
configure:4622: result: pass_all
configure:4707: checking for dlltool
configure:4737: result: no
configure:4767: checking how to associate runtime and link libraries
configure:4794: result: printf %s\n
configure:4855: checking for ar
configure:4871: found /usr/bin/ar
configure:4882: result: ar
configure:4919: checking for archiver @FILE support
configure:4936: gcc -c -g -O2  conftest.c >&5
configure:4936: $? = 0
configure:4939: ar cru libconftest.a @conftest.lst >&5
ar: warning: can't open file: @conftest.lst: No such file or directory
configure:4942: $? = 0
configure:4947: ar cru libconftest.a @conftest.lst >&5
ar: warning: can't open file: @conftest.lst: No such file or directory
configure:4950: $? = 0
configure:4962: result: no
configure:5020: checking for strip
configure:5036: found /usr/bin/strip
configure:5047: result: strip
configure:5119: checking for ranlib
configure:5135: found /usr/bin/ranlib
configure:5146: result: ranlib
configure:5223: checking for gawk
configure:5253: result: no
configure:5223: checking for mawk
configure:5253: result: no
configure:5223: checking for nawk
configure:5239: found /usr/bin/nawk
configure:5250: result: nawk
configure:5290: checking command to parse /usr/local/bin/nm -B output from gcc object
configure:5443: gcc -c -g -O2  conftest.c >&5
configure:5446: $? = 0
configure:5450: /usr/local/bin/nm -B conftest.o \| sed -n -e 's/^.*[ ]\([ABCDGIRSTW][ABCDGIRSTW]*\)[ ][ ]*\([_A-Za-z][_A-Za-z0-9]*\)$/\1 \2 \2/p' | sed '/ __gnu_lto/d' \> conftest.nm
configure:5453: $? = 0
configure:5519: gcc -o conftest -g -O2   conftest.c conftstm.o >&5
configure:5522: $? = 0
configure:5560: result: ok
configure:5607: checking for sysroot
configure:5637: result: no
configure:5644: checking for a working dd
configure:5682: result: /bin/dd
configure:5686: checking how to truncate binary pipes
configure:5701: result: /bin/dd bs=4096 count=1
configure:6030: checking for mt
configure:6046: found /usr/bin/mt
configure:6057: result: mt
configure:6080: checking if mt is a manifest tool
configure:6086: mt '-?'
mt: illegal option -- ?
usage: mt [-f device] command [count]
configure:6094: result: no
configure:6771: checking how to run the C preprocessor
configure:6802: gcc -E  conftest.c
configure:6802: $? = 0
configure:6816: gcc -E  conftest.c
conftest.c:9:28: fatal error: ac_nonexistent.h: No such file or directory
 #include <ac_nonexistent.h>
                            ^
compilation terminated.
configure:6816: $? = 1
configure: failed program was:
| /* confdefs.h */
| #define PACKAGE_NAME ""
| #define PACKAGE_TARNAME ""
| #define PACKAGE_VERSION ""
| #define PACKAGE_STRING ""
| #define PACKAGE_BUGREPORT ""
| #define PACKAGE_URL ""
| /* end confdefs.h.  */
| #include <ac_nonexistent.h>
configure:6841: result: gcc -E
configure:6861: gcc -E  conftest.c
configure:6861: $? = 0
configure:6875: gcc -E  conftest.c
conftest.c:9:28: fatal error: ac_nonexistent.h: No such file or directory
 #include <ac_nonexistent.h>
                            ^
compilation terminated.
configure:6875: $? = 1
configure: failed program was:
| /* confdefs.h */
| #define PACKAGE_NAME ""
| #define PACKAGE_TARNAME ""
| #define PACKAGE_VERSION ""
| #define PACKAGE_STRING ""
| #define PACKAGE_BUGREPORT ""
| #define PACKAGE_URL ""
| /* end confdefs.h.  */
| #include <ac_nonexistent.h>
configure:6904: checking for ANSI C header files
configure:6924: gcc -c -g -O2  conftest.c >&5
configure:6924: $? = 0
configure:6997: gcc -o conftest -g -O2   conftest.c  >&5
configure:6997: $? = 0
configure:6997: ./conftest
configure:6997: $? = 0
configure:7008: result: yes
configure:7021: checking for sys/types.h
configure:7021: gcc -c -g -O2  conftest.c >&5
configure:7021: $? = 0
configure:7021: result: yes
configure:7021: checking for sys/stat.h
configure:7021: gcc -c -g -O2  conftest.c >&5
configure:7021: $? = 0
configure:7021: result: yes
configure:7021: checking for stdlib.h
configure:7021: gcc -c -g -O2  conftest.c >&5
configure:7021: $? = 0
configure:7021: result: yes
configure:7021: checking for string.h
configure:7021: gcc -c -g -O2  conftest.c >&5
configure:7021: $? = 0
configure:7021: result: yes
configure:7021: checking for memory.h
configure:7021: gcc -c -g -O2  conftest.c >&5
configure:7021: $? = 0
configure:7021: result: yes
configure:7021: checking for strings.h
configure:7021: gcc -c -g -O2  conftest.c >&5
configure:7021: $? = 0
configure:7021: result: yes
configure:7021: checking for inttypes.h
configure:7021: gcc -c -g -O2  conftest.c >&5
configure:7021: $? = 0
configure:7021: result: yes
configure:7021: checking for stdint.h
configure:7021: gcc -c -g -O2  conftest.c >&5
configure:7021: $? = 0
configure:7021: result: yes
configure:7021: checking for unistd.h
configure:7021: gcc -c -g -O2  conftest.c >&5
configure:7021: $? = 0
configure:7021: result: yes
configure:7035: checking for dlfcn.h
configure:7035: gcc -c -g -O2  conftest.c >&5
configure:7035: $? = 0
configure:7035: result: yes
configure:7291: checking for objdir
configure:7306: result: .libs
configure:7570: checking if gcc supports -fno-rtti -fno-exceptions
configure:7588: gcc -c -g -O2  -fno-rtti -fno-exceptions conftest.c >&5
cc1: warning: command line option '-fno-rtti' is valid for C++/ObjC++ but not for C [enabled by default]
configure:7592: $? = 0
configure:7605: result: no
configure:7963: checking for gcc option to produce PIC
configure:7970: result: -fPIC -DPIC
configure:7978: checking if gcc PIC flag -fPIC -DPIC works
configure:7996: gcc -c -g -O2  -fPIC -DPIC -DPIC conftest.c >&5
configure:8000: $? = 0
configure:8013: result: yes
configure:8042: checking if gcc static flag -static works
configure:8070: result: yes
configure:8085: checking if gcc supports -c -o file.o
configure:8106: gcc -c -g -O2  -o out/conftest2.o conftest.c >&5
configure:8110: $? = 0
configure:8132: result: yes
configure:8140: checking if gcc supports -c -o file.o
configure:8187: result: yes
configure:8220: checking whether the gcc linker (/usr/local/bin/ld) supports shared libraries
configure:9479: result: yes
configure:9516: checking whether -lc should be explicitly linked in
configure:9524: gcc -c -g -O2  conftest.c >&5
configure:9527: $? = 0
configure:9542: gcc -shared  -fPIC -DPIC conftest.o  -v -Wl,-soname -Wl,conftest -o conftest 2\>\&1 \| /usr/bin/grep  -lc  \>/dev/null 2\>\&1
configure:9545: $? = 0
configure:9559: result: no
configure:9719: checking dynamic linker characteristics
configure:10537: result: freebsd11.0 ld.so
configure:10659: checking how to hardcode library paths into programs
configure:10684: result: immediate
configure:11232: checking whether stripping libraries is possible
configure:11254: result: no
configure:11272: checking if libtool supports shared libraries
configure:11274: result: yes
configure:11277: checking whether to build shared libraries
configure:11302: result: yes
configure:11305: checking whether to build static libraries
configure:11309: result: yes
configure:11499: checking for gcc
configure:11526: result: gcc
configure:11755: checking for C compiler version
configure:11764: gcc --version >&5
gcc (FreeBSD Ports Collection) 4.8.5
Copyright (C) 2015 Free Software Foundation, Inc.
This is free software; see the source for copying conditions.  There is NO
warranty; not even for MERCHANTABILITY or FITNESS FOR A PARTICULAR PURPOSE.

configure:11775: $? = 0
configure:11764: gcc -v >&5
Using built-in specs.
COLLECT_GCC=gcc
COLLECT_LTO_WRAPPER=/usr/local/libexec/gcc48/gcc/x86_64-portbld-freebsd11.0/4.8.5/lto-wrapper
Target: x86_64-portbld-freebsd11.0
Configured with: /wrkdirs/usr/ports/lang/gcc/work/gcc-4.8.5/configure --disable-bootstrap --disable-nls --enable-gnu-indirect-function --libdir=/usr/local/lib/gcc48 --libexecdir=/usr/local/libexec/gcc48 --program-suffix=48 --with-as=/usr/local/bin/as --with-gmp=/usr/local --with-gxx-include-dir=/usr/local/lib/gcc48/include/c++/ --with-ld=/usr/local/bin/ld --with-pkgversion='FreeBSD Ports Collection' --with-system-zlib --with-ecj-jar=/usr/local/share/java/ecj-4.5.jar --enable-languages=c,c++,objc,fortran,java --prefix=/usr/local --localstatedir=/var --mandir=/usr/local/man --infodir=/usr/local/info/gcc48 --build=x86_64-portbld-freebsd11.0
Thread model: posix
gcc version 4.8.5 (FreeBSD Ports Collection) 
configure:11775: $? = 0
configure:11764: gcc -V >&5
gcc: error: unrecognized command line option '-V'
gcc: fatal error: no input files
compilation terminated.
configure:11775: $? = 1
configure:11764: gcc -qversion >&5
gcc: error: unrecognized command line option '-qversion'
gcc: fatal error: no input files
compilation terminated.
configure:11775: $? = 1
configure:11779: checking whether we are using the GNU C compiler
configure:11807: result: yes
configure:11816: checking whether gcc accepts -g
configure:11877: result: yes
configure:11894: checking for gcc option to accept ISO C89
configure:11970: result: none needed
configure:12072: checking for gcc
configure:12099: result: gcc
configure:12328: checking for C compiler version
configure:12337: gcc --version >&5
gcc (FreeBSD Ports Collection) 4.8.5
Copyright (C) 2015 Free Software Foundation, Inc.
This is free software; see the source for copying conditions.  There is NO
warranty; not even for MERCHANTABILITY or FITNESS FOR A PARTICULAR PURPOSE.

configure:12348: $? = 0
configure:12337: gcc -v >&5
Using built-in specs.
COLLECT_GCC=gcc
COLLECT_LTO_WRAPPER=/usr/local/libexec/gcc48/gcc/x86_64-portbld-freebsd11.0/4.8.5/lto-wrapper
Target: x86_64-portbld-freebsd11.0
Configured with: /wrkdirs/usr/ports/lang/gcc/work/gcc-4.8.5/configure --disable-bootstrap --disable-nls --enable-gnu-indirect-function --libdir=/usr/local/lib/gcc48 --libexecdir=/usr/local/libexec/gcc48 --program-suffix=48 --with-as=/usr/local/bin/as --with-gmp=/usr/local --with-gxx-include-dir=/usr/local/lib/gcc48/include/c++/ --with-ld=/usr/local/bin/ld --with-pkgversion='FreeBSD Ports Collection' --with-system-zlib --with-ecj-jar=/usr/local/share/java/ecj-4.5.jar --enable-languages=c,c++,objc,fortran,java --prefix=/usr/local --localstatedir=/var --mandir=/usr/local/man --infodir=/usr/local/info/gcc48 --build=x86_64-portbld-freebsd11.0
Thread model: posix
gcc version 4.8.5 (FreeBSD Ports Collection) 
configure:12348: $? = 0
configure:12337: gcc -V >&5
gcc: error: unrecognized command line option '-V'
gcc: fatal error: no input files
compilation terminated.
configure:12348: $? = 1
configure:12337: gcc -qversion >&5
gcc: error: unrecognized command line option '-qversion'
gcc: fatal error: no input files
compilation terminated.
configure:12348: $? = 1
configure:12352: checking whether we are using the GNU C compiler
configure:12380: result: yes
configure:12389: checking whether gcc accepts -g
configure:12450: result: yes
configure:12467: checking for gcc option to accept ISO C89
configure:12543: result: none needed
configure:12576: checking for gmake
configure:12595: found /usr/local/bin/gmake
configure:12607: result: /usr/local/bin/gmake
configure:12671: checking for tar
configure:12690: found /usr/bin/tar
configure:12702: result: /usr/bin/tar
configure:12716: checking for gzip
configure:12735: found /usr/bin/gzip
configure:12747: result: /usr/bin/gzip
configure:12760: checking whether gcc -MM is supported
configure:12776: result: yes
configure:12926: checking for sort
configure:12945: found /usr/bin/sort
configure:12957: result: /usr/bin/sort
configure:12969: checking whether ln -s works
configure:12973: result: yes
configure:13145: checking for rpm
configure:13179: result: no
configure:13263: checking aio.h usability
configure:13263: gcc -c -g -O2  conftest.c >&5
configure:13263: $? = 0
configure:13263: result: yes
configure:13263: checking aio.h presence
configure:13263: gcc -E  conftest.c
configure:13263: $? = 0
configure:13263: result: yes
configure:13263: checking for aio.h
configure:13263: result: yes
configure:13281: checking for lio_listio
configure:13281: gcc -o conftest -g -O2   conftest.c  >&5
configure:13281: $? = 0
configure:13281: result: yes
configure:13351: checking uuid.h usability
configure:13351: gcc -c -g -O2  conftest.c >&5
configure:13351: $? = 0
configure:13351: result: yes
configure:13351: checking uuid.h presence
configure:13351: gcc -E  conftest.c
configure:13351: $? = 0
configure:13351: result: yes
configure:13351: checking for uuid.h
configure:13351: result: yes
configure:13351: checking sys/uuid.h usability
configure:13351: gcc -c -g -O2  conftest.c >&5
configure:13351: $? = 0
configure:13351: result: yes
configure:13351: checking sys/uuid.h presence
configure:13351: gcc -E  conftest.c
configure:13351: $? = 0
configure:13351: result: yes
configure:13351: checking for sys/uuid.h
configure:13351: result: yes
configure:13351: checking uuid/uuid.h usability
configure:13351: gcc -c -g -O2  conftest.c >&5
conftest.c:58:23: fatal error: uuid/uuid.h: No such file or directory
 #include <uuid/uuid.h>
                       ^
compilation terminated.
configure:13351: $? = 1
configure: failed program was:
| /* confdefs.h */
| #define PACKAGE_NAME ""
| #define PACKAGE_TARNAME ""
| #define PACKAGE_VERSION ""
| #define PACKAGE_STRING ""
| #define PACKAGE_BUGREPORT ""
| #define PACKAGE_URL ""
| #define STDC_HEADERS 1
| #define HAVE_SYS_TYPES_H 1
| #define HAVE_SYS_STAT_H 1
| #define HAVE_STDLIB_H 1
| #define HAVE_STRING_H 1
| #define HAVE_MEMORY_H 1
| #define HAVE_STRINGS_H 1
| #define HAVE_INTTYPES_H 1
| #define HAVE_STDINT_H 1
| #define HAVE_UNISTD_H 1
| #define HAVE_DLFCN_H 1
| #define LT_OBJDIR ".libs/"
| #define HAVE_AIO_H 1
| #define HAVE_LIO_LISTIO 1
| #define HAVE_UUID_H 1
| #define HAVE_SYS_UUID_H 1
| /* end confdefs.h.  */
| #include <stdio.h>
| #ifdef HAVE_SYS_TYPES_H
| # include <sys/types.h>
| #endif
| #ifdef HAVE_SYS_STAT_H
| # include <sys/stat.h>
| #endif
| #ifdef STDC_HEADERS
| # include <stdlib.h>
| # include <stddef.h>
| #else
| # ifdef HAVE_STDLIB_H
| #  include <stdlib.h>
| # endif
| #endif
| #ifdef HAVE_STRING_H
| # if !defined STDC_HEADERS && defined HAVE_MEMORY_H
| #  include <memory.h>
| # endif
| # include <string.h>
| #endif
| #ifdef HAVE_STRINGS_H
| # include <strings.h>
| #endif
| #ifdef HAVE_INTTYPES_H
| # include <inttypes.h>
| #endif
| #ifdef HAVE_STDINT_H
| # include <stdint.h>
| #endif
| #ifdef HAVE_UNISTD_H
| # include <unistd.h>
| #endif
| #include <uuid/uuid.h>
configure:13351: result: no
configure:13351: checking uuid/uuid.h presence
configure:13351: gcc -E  conftest.c
conftest.c:25:23: fatal error: uuid/uuid.h: No such file or directory
 #include <uuid/uuid.h>
                       ^
compilation terminated.
configure:13351: $? = 1
configure: failed program was:
| /* confdefs.h */
| #define PACKAGE_NAME ""
| #define PACKAGE_TARNAME ""
| #define PACKAGE_VERSION ""
| #define PACKAGE_STRING ""
| #define PACKAGE_BUGREPORT ""
| #define PACKAGE_URL ""
| #define STDC_HEADERS 1
| #define HAVE_SYS_TYPES_H 1
| #define HAVE_SYS_STAT_H 1
| #define HAVE_STDLIB_H 1
| #define HAVE_STRING_H 1
| #define HAVE_MEMORY_H 1
| #define HAVE_STRINGS_H 1
| #define HAVE_INTTYPES_H 1
| #define HAVE_STDINT_H 1
| #define HAVE_UNISTD_H 1
| #define HAVE_DLFCN_H 1
| #define LT_OBJDIR ".libs/"
| #define HAVE_AIO_H 1
| #define HAVE_LIO_LISTIO 1
| #define HAVE_UUID_H 1
| #define HAVE_SYS_UUID_H 1
| /* end confdefs.h.  */
| #include <uuid/uuid.h>
configure:13351: result: no
configure:13351: checking for uuid/uuid.h
configure:13351: result: no
configure:13372: checking for uuid_compare
configure:13372: gcc -o conftest -g -O2   conftest.c  >&5
configure:13372: $? = 0
configure:13372: result: yes
configure:13442: checking pthread.h usability
configure:13442: gcc -c -g -O2  conftest.c >&5
configure:13442: $? = 0
configure:13442: result: yes
configure:13442: checking pthread.h presence
configure:13442: gcc -E  conftest.c
configure:13442: $? = 0
configure:13442: result: yes
configure:13442: checking for pthread.h
configure:13442: result: yes
configure:13472: checking for pthread_mutex_init in -lpthread
configure:13497: gcc -o conftest -g -O2   conftest.c -lpthread   >&5
configure:13497: $? = 0
configure:13506: result: yes
configure:13527: checking for fadvise 
configure:13546: gcc -c -g -O2  conftest.c >&5
configure:13546: $? = 0
configure:13548: result: yes
configure:13557: checking for madvise 
configure:13576: gcc -c -g -O2  conftest.c >&5
configure:13576: $? = 0
configure:13578: result: yes
configure:13587: checking for mincore 
configure:13606: gcc -c -g -O2  conftest.c >&5
configure:13606: $? = 0
configure:13608: result: yes
configure:13617: checking for sendfile 
configure:13636: gcc -c -g -O2  conftest.c >&5
conftest.c:31:26: fatal error: sys/sendfile.h: No such file or directory
 #include <sys/sendfile.h>
                          ^
compilation terminated.
configure:13636: $? = 1
configure: failed program was:
| /* confdefs.h */
| #define PACKAGE_NAME ""
| #define PACKAGE_TARNAME ""
| #define PACKAGE_VERSION ""
| #define PACKAGE_STRING ""
| #define PACKAGE_BUGREPORT ""
| #define PACKAGE_URL ""
| #define STDC_HEADERS 1
| #define HAVE_SYS_TYPES_H 1
| #define HAVE_SYS_STAT_H 1
| #define HAVE_STDLIB_H 1
| #define HAVE_STRING_H 1
| #define HAVE_MEMORY_H 1
| #define HAVE_STRINGS_H 1
| #define HAVE_INTTYPES_H 1
| #define HAVE_STDINT_H 1
| #define HAVE_UNISTD_H 1
| #define HAVE_DLFCN_H 1
| #define LT_OBJDIR ".libs/"
| #define HAVE_AIO_H 1
| #define HAVE_LIO_LISTIO 1
| #define HAVE_UUID_H 1
| #define HAVE_SYS_UUID_H 1
| #define HAVE_UUID_COMPARE 1
| #define HAVE_PTHREAD_H 1
| #define HAVE_LIBPTHREAD 1
| /* end confdefs.h.  */
| 
| #define _GNU_SOURCE
| #define _FILE_OFFSET_BITS 64
| #include <sys/sendfile.h>
| 
| int
| main ()
| {
| 
|          sendfile(0, 0, 0, 0);
| 
|   ;
|   return 0;
| }
configure:13641: result: no
configure:13647: checking for getmntent 
configure:13665: gcc -c -g -O2  conftest.c >&5
conftest.c:30:20: fatal error: mntent.h: No such file or directory
 #include <mntent.h>
                    ^
compilation terminated.
configure:13665: $? = 1
configure: failed program was:
| /* confdefs.h */
| #define PACKAGE_NAME ""
| #define PACKAGE_TARNAME ""
| #define PACKAGE_VERSION ""
| #define PACKAGE_STRING ""
| #define PACKAGE_BUGREPORT ""
| #define PACKAGE_URL ""
| #define STDC_HEADERS 1
| #define HAVE_SYS_TYPES_H 1
| #define HAVE_SYS_STAT_H 1
| #define HAVE_STDLIB_H 1
| #define HAVE_STRING_H 1
| #define HAVE_MEMORY_H 1
| #define HAVE_STRINGS_H 1
| #define HAVE_INTTYPES_H 1
| #define HAVE_STDINT_H 1
| #define HAVE_UNISTD_H 1
| #define HAVE_DLFCN_H 1
| #define LT_OBJDIR ".libs/"
| #define HAVE_AIO_H 1
| #define HAVE_LIO_LISTIO 1
| #define HAVE_UUID_H 1
| #define HAVE_SYS_UUID_H 1
| #define HAVE_UUID_COMPARE 1
| #define HAVE_PTHREAD_H 1
| #define HAVE_LIBPTHREAD 1
| /* end confdefs.h.  */
| 
| #include <stdio.h>
| #include <mntent.h>
| 
| int
| main ()
| {
| 
|          getmntent(0);
| 
|   ;
|   return 0;
| }
configure:13670: result: no
configure:13676: checking for getmntinfo 
configure:13695: gcc -c -g -O2  conftest.c >&5
configure:13695: $? = 0
configure:13697: result: yes
configure:13706: checking for fallocate
configure:13726: gcc -o conftest -g -O2   conftest.c -lpthread  >&5
conftest.c:32:26: fatal error: linux/falloc.h: No such file or directory
 #include <linux/falloc.h>
                          ^
compilation terminated.
configure:13726: $? = 1
configure: failed program was:
| /* confdefs.h */
| #define PACKAGE_NAME ""
| #define PACKAGE_TARNAME ""
| #define PACKAGE_VERSION ""
| #define PACKAGE_STRING ""
| #define PACKAGE_BUGREPORT ""
| #define PACKAGE_URL ""
| #define STDC_HEADERS 1
| #define HAVE_SYS_TYPES_H 1
| #define HAVE_SYS_STAT_H 1
| #define HAVE_STDLIB_H 1
| #define HAVE_STRING_H 1
| #define HAVE_MEMORY_H 1
| #define HAVE_STRINGS_H 1
| #define HAVE_INTTYPES_H 1
| #define HAVE_STDINT_H 1
| #define HAVE_UNISTD_H 1
| #define HAVE_DLFCN_H 1
| #define LT_OBJDIR ".libs/"
| #define HAVE_AIO_H 1
| #define HAVE_LIO_LISTIO 1
| #define HAVE_UUID_H 1
| #define HAVE_SYS_UUID_H 1
| #define HAVE_UUID_COMPARE 1
| #define HAVE_PTHREAD_H 1
| #define HAVE_LIBPTHREAD 1
| /* end confdefs.h.  */
| 
| #define _GNU_SOURCE
| #define _FILE_OFFSET_BITS 64
| #include <fcntl.h>
| #include <linux/falloc.h>
| 
| int
| main ()
| {
| 
|          fallocate(0, 0, 0, 0);
| 
|   ;
|   return 0;
| }
configure:13731: result: no
configure:13740: checking linux/fiemap.h usability
configure:13740: gcc -c -g -O2  conftest.c >&5
conftest.c:61:26: fatal error: linux/fiemap.h: No such file or directory
 #include <linux/fiemap.h>
                          ^
compilation terminated.
configure:13740: $? = 1
configure: failed program was:
| /* confdefs.h */
| #define PACKAGE_NAME ""
| #define PACKAGE_TARNAME ""
| #define PACKAGE_VERSION ""
| #define PACKAGE_STRING ""
| #define PACKAGE_BUGREPORT ""
| #define PACKAGE_URL ""
| #define STDC_HEADERS 1
| #define HAVE_SYS_TYPES_H 1
| #define HAVE_SYS_STAT_H 1
| #define HAVE_STDLIB_H 1
| #define HAVE_STRING_H 1
| #define HAVE_MEMORY_H 1
| #define HAVE_STRINGS_H 1
| #define HAVE_INTTYPES_H 1
| #define HAVE_STDINT_H 1
| #define HAVE_UNISTD_H 1
| #define HAVE_DLFCN_H 1
| #define LT_OBJDIR ".libs/"
| #define HAVE_AIO_H 1
| #define HAVE_LIO_LISTIO 1
| #define HAVE_UUID_H 1
| #define HAVE_SYS_UUID_H 1
| #define HAVE_UUID_COMPARE 1
| #define HAVE_PTHREAD_H 1
| #define HAVE_LIBPTHREAD 1
| /* end confdefs.h.  */
| #include <stdio.h>
| #ifdef HAVE_SYS_TYPES_H
| # include <sys/types.h>
| #endif
| #ifdef HAVE_SYS_STAT_H
| # include <sys/stat.h>
| #endif
| #ifdef STDC_HEADERS
| # include <stdlib.h>
| # include <stddef.h>
| #else
| # ifdef HAVE_STDLIB_H
| #  include <stdlib.h>
| # endif
| #endif
| #ifdef HAVE_STRING_H
| # if !defined STDC_HEADERS && defined HAVE_MEMORY_H
| #  include <memory.h>
| # endif
| # include <string.h>
| #endif
| #ifdef HAVE_STRINGS_H
| # include <strings.h>
| #endif
| #ifdef HAVE_INTTYPES_H
| # include <inttypes.h>
| #endif
| #ifdef HAVE_STDINT_H
| # include <stdint.h>
| #endif
| #ifdef HAVE_UNISTD_H
| # include <unistd.h>
| #endif
| #include <linux/fiemap.h>
configure:13740: result: no
configure:13740: checking linux/fiemap.h presence
configure:13740: gcc -E  conftest.c
conftest.c:28:26: fatal error: linux/fiemap.h: No such file or directory
 #include <linux/fiemap.h>
                          ^
compilation terminated.
configure:13740: $? = 1
configure: failed program was:
| /* confdefs.h */
| #define PACKAGE_NAME ""
| #define PACKAGE_TARNAME ""
| #define PACKAGE_VERSION ""
| #define PACKAGE_STRING ""
| #define PACKAGE_BUGREPORT ""
| #define PACKAGE_URL ""
| #define STDC_HEADERS 1
| #define HAVE_SYS_TYPES_H 1
| #define HAVE_SYS_STAT_H 1
| #define HAVE_STDLIB_H 1
| #define HAVE_STRING_H 1
| #define HAVE_MEMORY_H 1
| #define HAVE_STRINGS_H 1
| #define HAVE_INTTYPES_H 1
| #define HAVE_STDINT_H 1
| #define HAVE_UNISTD_H 1
| #define HAVE_DLFCN_H 1
| #define LT_OBJDIR ".libs/"
| #define HAVE_AIO_H 1
| #define HAVE_LIO_LISTIO 1
| #define HAVE_UUID_H 1
| #define HAVE_SYS_UUID_H 1
| #define HAVE_UUID_COMPARE 1
| #define HAVE_PTHREAD_H 1
| #define HAVE_LIBPTHREAD 1
| /* end confdefs.h.  */
| #include <linux/fiemap.h>
configure:13740: result: no
configure:13740: checking for linux/fiemap.h
configure:13740: result: no
configure:13757: checking for library containing blkid_probe_all
configure:13788: gcc -o conftest -g -O2   conftest.c -lpthread  >&5
/tmp//ccHwIx7M.o: In function `main':
/home/vagrant/work/src/fuse-xfs-0.2.1/src/xfsprogs/conftest.c:39: undefined reference to `blkid_probe_all'
collect2: error: ld returned 1 exit status
configure:13788: $? = 1
configure: failed program was:
| /* confdefs.h */
| #define PACKAGE_NAME ""
| #define PACKAGE_TARNAME ""
| #define PACKAGE_VERSION ""
| #define PACKAGE_STRING ""
| #define PACKAGE_BUGREPORT ""
| #define PACKAGE_URL ""
| #define STDC_HEADERS 1
| #define HAVE_SYS_TYPES_H 1
| #define HAVE_SYS_STAT_H 1
| #define HAVE_STDLIB_H 1
| #define HAVE_STRING_H 1
| #define HAVE_MEMORY_H 1
| #define HAVE_STRINGS_H 1
| #define HAVE_INTTYPES_H 1
| #define HAVE_STDINT_H 1
| #define HAVE_UNISTD_H 1
| #define HAVE_DLFCN_H 1
| #define LT_OBJDIR ".libs/"
| #define HAVE_AIO_H 1
| #define HAVE_LIO_LISTIO 1
| #define HAVE_UUID_H 1
| #define HAVE_SYS_UUID_H 1
| #define HAVE_UUID_COMPARE 1
| #define HAVE_PTHREAD_H 1
| #define HAVE_LIBPTHREAD 1
| /* end confdefs.h.  */
| 
| /* Override any GCC internal prototype to avoid an error.
|    Use char because int might match the return type of a GCC
|    builtin and then its argument prototype would still apply.  */
| #ifdef __cplusplus
| extern "C"
| #endif
| char blkid_probe_all ();
| int
| main ()
| {
| return blkid_probe_all ();
|   ;
|   return 0;
| }
configure:13788: gcc -o conftest -g -O2   conftest.c -lblkid  -lpthread  >&5
/usr/local/bin/ld: cannot find -lblkid
collect2: error: ld returned 1 exit status
configure:13788: $? = 1
configure: failed program was:
| /* confdefs.h */
| #define PACKAGE_NAME ""
| #define PACKAGE_TARNAME ""
| #define PACKAGE_VERSION ""
| #define PACKAGE_STRING ""
| #define PACKAGE_BUGREPORT ""
| #define PACKAGE_URL ""
| #define STDC_HEADERS 1
| #define HAVE_SYS_TYPES_H 1
| #define HAVE_SYS_STAT_H 1
| #define HAVE_STDLIB_H 1
| #define HAVE_STRING_H 1
| #define HAVE_MEMORY_H 1
| #define HAVE_STRINGS_H 1
| #define HAVE_INTTYPES_H 1
| #define HAVE_STDINT_H 1
| #define HAVE_UNISTD_H 1
| #define HAVE_DLFCN_H 1
| #define LT_OBJDIR ".libs/"
| #define HAVE_AIO_H 1
| #define HAVE_LIO_LISTIO 1
| #define HAVE_UUID_H 1
| #define HAVE_SYS_UUID_H 1
| #define HAVE_UUID_COMPARE 1
| #define HAVE_PTHREAD_H 1
| #define HAVE_LIBPTHREAD 1
| /* end confdefs.h.  */
| 
| /* Override any GCC internal prototype to avoid an error.
|    Use char because int might match the return type of a GCC
|    builtin and then its argument prototype would still apply.  */
| #ifdef __cplusplus
| extern "C"
| #endif
| char blkid_probe_all ();
| int
| main ()
| {
| return blkid_probe_all ();
|   ;
|   return 0;
| }
configure:13805: result: no
configure:13815: checking for blkid_probe_get_topology
configure:13815: gcc -o conftest -g -O2   conftest.c -lpthread  >&5
/tmp//cc6EyeHW.o: In function `main':
/home/vagrant/work/src/fuse-xfs-0.2.1/src/xfsprogs/conftest.c:62: undefined reference to `blkid_probe_get_topology'
collect2: error: ld returned 1 exit status
configure:13815: $? = 1
configure: failed program was:
| /* confdefs.h */
| #define PACKAGE_NAME ""
| #define PACKAGE_TARNAME ""
| #define PACKAGE_VERSION ""
| #define PACKAGE_STRING ""
| #define PACKAGE_BUGREPORT ""
| #define PACKAGE_URL ""
| #define STDC_HEADERS 1
| #define HAVE_SYS_TYPES_H 1
| #define HAVE_SYS_STAT_H 1
| #define HAVE_STDLIB_H 1
| #define HAVE_STRING_H 1
| #define HAVE_MEMORY_H 1
| #define HAVE_STRINGS_H 1
| #define HAVE_INTTYPES_H 1
| #define HAVE_STDINT_H 1
| #define HAVE_UNISTD_H 1
| #define HAVE_DLFCN_H 1
| #define LT_OBJDIR ".libs/"
| #define HAVE_AIO_H 1
| #define HAVE_LIO_LISTIO 1
| #define HAVE_UUID_H 1
| #define HAVE_SYS_UUID_H 1
| #define HAVE_UUID_COMPARE 1
| #define HAVE_PTHREAD_H 1
| #define HAVE_LIBPTHREAD 1
| /* end confdefs.h.  */
| /* Define blkid_probe_get_topology to an innocuous variant, in case <limits.h> declares blkid_probe_get_topology.
|    For example, HP-UX 11i <limits.h> declares gettimeofday.  */
| #define blkid_probe_get_topology innocuous_blkid_probe_get_topology
| 
| /* System header to define __stub macros and hopefully few prototypes,
|     which can conflict with char blkid_probe_get_topology (); below.
|     Prefer <limits.h> to <assert.h> if __STDC__ is defined, since
|     <limits.h> exists even on freestanding compilers.  */
| 
| #ifdef __STDC__
| # include <limits.h>
| #else
| # include <assert.h>
| #endif
| 
| #undef blkid_probe_get_topology
| 
| /* Override any GCC internal prototype to avoid an error.
|    Use char because int might match the return type of a GCC
|    builtin and then its argument prototype would still apply.  */
| #ifdef __cplusplus
| extern "C"
| #endif
| char blkid_probe_get_topology ();
| /* The GNU C library defines this for functions which it implements
|     to always fail with ENOSYS.  Some functions are actually named
|     something starting with __ and the normal name is an alias.  */
| #if defined __stub_blkid_probe_get_topology || defined __stub___blkid_probe_get_topology
| choke me
| #endif
| 
| int
| main ()
| {
| return blkid_probe_get_topology ();
|   ;
|   return 0;
| }
configure:13815: result: no
configure:13835: checking for __psint_t 
configure:13854: gcc -c -g -O2  conftest.c >&5
conftest.c: In function 'main':
conftest.c:37:10: error: unknown type name '__psint_t'
          __psint_t  psint;
          ^
configure:13854: $? = 1
configure: failed program was:
| /* confdefs.h */
| #define PACKAGE_NAME ""
| #define PACKAGE_TARNAME ""
| #define PACKAGE_VERSION ""
| #define PACKAGE_STRING ""
| #define PACKAGE_BUGREPORT ""
| #define PACKAGE_URL ""
| #define STDC_HEADERS 1
| #define HAVE_SYS_TYPES_H 1
| #define HAVE_SYS_STAT_H 1
| #define HAVE_STDLIB_H 1
| #define HAVE_STRING_H 1
| #define HAVE_MEMORY_H 1
| #define HAVE_STRINGS_H 1
| #define HAVE_INTTYPES_H 1
| #define HAVE_STDINT_H 1
| #define HAVE_UNISTD_H 1
| #define HAVE_DLFCN_H 1
| #define LT_OBJDIR ".libs/"
| #define HAVE_AIO_H 1
| #define HAVE_LIO_LISTIO 1
| #define HAVE_UUID_H 1
| #define HAVE_SYS_UUID_H 1
| #define HAVE_UUID_COMPARE 1
| #define HAVE_PTHREAD_H 1
| #define HAVE_LIBPTHREAD 1
| /* end confdefs.h.  */
| 
| #include <sys/types.h>
| #include <stdlib.h>
| #include <stddef.h>
| 
| int
| main ()
| {
| 
|          __psint_t  psint;
| 
|   ;
|   return 0;
| }
configure:13859: result: no
configure:13864: checking for __psunsigned_t 
configure:13883: gcc -c -g -O2  conftest.c >&5
conftest.c: In function 'main':
conftest.c:37:9: error: unknown type name '__psunsigned_t'
         __psunsigned_t  psuint;
         ^
configure:13883: $? = 1
configure: failed program was:
| /* confdefs.h */
| #define PACKAGE_NAME ""
| #define PACKAGE_TARNAME ""
| #define PACKAGE_VERSION ""
| #define PACKAGE_STRING ""
| #define PACKAGE_BUGREPORT ""
| #define PACKAGE_URL ""
| #define STDC_HEADERS 1
| #define HAVE_SYS_TYPES_H 1
| #define HAVE_SYS_STAT_H 1
| #define HAVE_STDLIB_H 1
| #define HAVE_STRING_H 1
| #define HAVE_MEMORY_H 1
| #define HAVE_STRINGS_H 1
| #define HAVE_INTTYPES_H 1
| #define HAVE_STDINT_H 1
| #define HAVE_UNISTD_H 1
| #define HAVE_DLFCN_H 1
| #define LT_OBJDIR ".libs/"
| #define HAVE_AIO_H 1
| #define HAVE_LIO_LISTIO 1
| #define HAVE_UUID_H 1
| #define HAVE_SYS_UUID_H 1
| #define HAVE_UUID_COMPARE 1
| #define HAVE_PTHREAD_H 1
| #define HAVE_LIBPTHREAD 1
| /* end confdefs.h.  */
| 
| #include <sys/types.h>
| #include <stdlib.h>
| #include <stddef.h>
| 
| int
| main ()
| {
| 
|         __psunsigned_t  psuint;
| 
|   ;
|   return 0;
| }
configure:13888: result: no
configure:13893: checking for __u32 
configure:13912: gcc -c -g -O2  conftest.c >&5
conftest.c:29:23: fatal error: asm/types.h: No such file or directory
 #include <asm/types.h>
                       ^
compilation terminated.
configure:13912: $? = 1
configure: failed program was:
| /* confdefs.h */
| #define PACKAGE_NAME ""
| #define PACKAGE_TARNAME ""
| #define PACKAGE_VERSION ""
| #define PACKAGE_STRING ""
| #define PACKAGE_BUGREPORT ""
| #define PACKAGE_URL ""
| #define STDC_HEADERS 1
| #define HAVE_SYS_TYPES_H 1
| #define HAVE_SYS_STAT_H 1
| #define HAVE_STDLIB_H 1
| #define HAVE_STRING_H 1
| #define HAVE_MEMORY_H 1
| #define HAVE_STRINGS_H 1
| #define HAVE_INTTYPES_H 1
| #define HAVE_STDINT_H 1
| #define HAVE_UNISTD_H 1
| #define HAVE_DLFCN_H 1
| #define LT_OBJDIR ".libs/"
| #define HAVE_AIO_H 1
| #define HAVE_LIO_LISTIO 1
| #define HAVE_UUID_H 1
| #define HAVE_SYS_UUID_H 1
| #define HAVE_UUID_COMPARE 1
| #define HAVE_PTHREAD_H 1
| #define HAVE_LIBPTHREAD 1
| /* end confdefs.h.  */
| 
| #include <asm/types.h>
| #include <stdlib.h>
| #include <stddef.h>
| 
| int
| main ()
| {
| 
|          __u32  u32;
| 
|   ;
|   return 0;
| }
configure:13917: result: no
configure:13930: checking size of long
configure:13935: gcc -o conftest -g -O2   conftest.c -lpthread  >&5
configure:13935: $? = 0
configure:13935: ./conftest
configure:13935: $? = 0
configure:13949: result: 8
configure:13963: checking size of char *
configure:13968: gcc -o conftest -g -O2   conftest.c -lpthread  >&5
configure:13968: $? = 0
configure:13968: ./conftest
configure:13968: $? = 0
configure:13982: result: 8
configure:14136: creating ./config.status

## ---------------------- ##
## Running config.status. ##
## ---------------------- ##

This file was extended by config.status, which was
generated by GNU Autoconf 2.69.  Invocation command line was

  CONFIG_FILES    = 
  CONFIG_HEADERS  = 
  CONFIG_LINKS    = 
  CONFIG_COMMANDS = 
  $ ./config.status 

on freebsd-04.vcs

config.status:1141: creating include/builddefs
config.status:1141: creating include/platform_defs.h
config.status:1325: executing libtool commands

## ---------------- ##
## Cache variables. ##
## ---------------- ##

ac_cv_build=amd64-unknown-freebsd11.0
ac_cv_c_compiler_gnu=yes
ac_cv_env_CC_set=''
ac_cv_env_CC_value=''
ac_cv_env_CFLAGS_set=''
ac_cv_env_CFLAGS_value=''
ac_cv_env_CPPFLAGS_set=''
ac_cv_env_CPPFLAGS_value=''
ac_cv_env_CPP_set=''
ac_cv_env_CPP_value=''
ac_cv_env_LDFLAGS_set=''
ac_cv_env_LDFLAGS_value=''
ac_cv_env_LIBS_set=''
ac_cv_env_LIBS_value=''
ac_cv_env_LT_SYS_LIBRARY_PATH_set=''
ac_cv_env_LT_SYS_LIBRARY_PATH_value=''
ac_cv_env_build_alias_set=''
ac_cv_env_build_alias_value=''
ac_cv_env_host_alias_set=''
ac_cv_env_host_alias_value=''
ac_cv_env_target_alias_set=''
ac_cv_env_target_alias_value=''
ac_cv_func_blkid_probe_get_topology=no
ac_cv_func_lio_listio=yes
ac_cv_func_uuid_compare=yes
ac_cv_gcc_nodeps=yes
ac_cv_header_aio_h=yes
ac_cv_header_dlfcn_h=yes
ac_cv_header_inttypes_h=yes
ac_cv_header_linux_fiemap_h=no
ac_cv_header_memory_h=yes
ac_cv_header_pthread_h=yes
ac_cv_header_stdc=yes
ac_cv_header_stdint_h=yes
ac_cv_header_stdlib_h=yes
ac_cv_header_string_h=yes
ac_cv_header_strings_h=yes
ac_cv_header_sys_stat_h=yes
ac_cv_header_sys_types_h=yes
ac_cv_header_sys_uuid_h=yes
ac_cv_header_unistd_h=yes
ac_cv_header_uuid_h=yes
ac_cv_header_uuid_uuid_h=no
ac_cv_host=amd64-unknown-freebsd11.0
ac_cv_lib_pthread_pthread_mutex_init=yes
ac_cv_objext=o
ac_cv_path_EGREP='/usr/bin/grep -E'
ac_cv_path_FGREP='/usr/bin/grep -F'
ac_cv_path_GREP=/usr/bin/grep
ac_cv_path_MAKE=/usr/local/bin/gmake
ac_cv_path_SED=/usr/bin/sed
ac_cv_path_SORT=/usr/bin/sort
ac_cv_path_TAR=/usr/bin/tar
ac_cv_path_ZIP=/usr/bin/gzip
ac_cv_path_lt_DD=/bin/dd
ac_cv_prog_AWK=nawk
ac_cv_prog_CPP='gcc -E'
ac_cv_prog_ac_ct_AR=ar
ac_cv_prog_ac_ct_CC=gcc
ac_cv_prog_ac_ct_MANIFEST_TOOL=mt
ac_cv_prog_ac_ct_OBJDUMP=objdump
ac_cv_prog_ac_ct_RANLIB=ranlib
ac_cv_prog_ac_ct_STRIP=strip
ac_cv_prog_cc_c89=''
ac_cv_prog_cc_g=yes
ac_cv_search_blkid_probe_all=no
ac_cv_sizeof_char_p=8
ac_cv_sizeof_long=8
lt_cv_ar_at_file=no
lt_cv_archive_cmds_need_lc=no
lt_cv_deplibs_check_method=pass_all
lt_cv_file_magic_cmd='$MAGIC_CMD'
lt_cv_file_magic_test_file=''
lt_cv_ld_reload_flag=-r
lt_cv_nm_interface='BSD nm'
lt_cv_objdir=.libs
lt_cv_path_LD=/usr/local/bin/ld
lt_cv_path_NM='/usr/local/bin/nm -B'
lt_cv_path_mainfest_tool=no
lt_cv_prog_compiler_c_o=yes
lt_cv_prog_compiler_pic='-fPIC -DPIC'
lt_cv_prog_compiler_pic_works=yes
lt_cv_prog_compiler_rtti_exceptions=no
lt_cv_prog_compiler_static_works=yes
lt_cv_prog_gnu_ld=yes
lt_cv_sharedlib_from_linklib_cmd='printf %s\n'
lt_cv_sys_global_symbol_pipe=$'sed -n -e \'s/^.*[\t ]\\([ABCDGIRSTW][ABCDGIRSTW]*\\)[\t ][\t ]*\\([_A-Za-z][_A-Za-z0-9]*\\)$/\\1 \\2 \\2/p\' | sed \'/ __gnu_lto/d\''
lt_cv_sys_global_symbol_to_c_name_address=$'sed -n -e \'s/^: \\(.*\\) .*$/  {"\\1", (void *) 0},/p\' -e \'s/^[ABCDGIRSTW][ABCDGIRSTW]* .* \\(.*\\)$/  {"\\1", (void *) \\&\\1},/p\''
lt_cv_sys_global_symbol_to_c_name_address_lib_prefix=$'sed -n -e \'s/^: \\(.*\\) .*$/  {"\\1", (void *) 0},/p\' -e \'s/^[ABCDGIRSTW][ABCDGIRSTW]* .* \\(lib.*\\)$/  {"\\1", (void *) \\&\\1},/p\' -e \'s/^[ABCDGIRSTW][ABCDGIRSTW]* .* \\(.*\\)$/  {"lib\\1", (void *) \\&\\1},/p\''
lt_cv_sys_global_symbol_to_cdecl=$'sed -n -e \'s/^T .* \\(.*\\)$/extern int \\1();/p\' -e \'s/^[ABCDGIRSTW][ABCDGIRSTW]* .* \\(.*\\)$/extern char \\1;/p\''
lt_cv_sys_global_symbol_to_import=''
lt_cv_sys_max_cmd_len=196608
lt_cv_to_host_file_cmd=func_convert_file_noop
lt_cv_to_tool_file_cmd=func_convert_file_noop
lt_cv_truncate_bin='/bin/dd bs=4096 count=1'

## ----------------- ##
## Output variables. ##
## ----------------- ##

AR='ar'
AWK='nawk'
CC='gcc'
CFLAGS='-g -O2'
CPP='gcc -E'
CPPFLAGS=''
DEFS='-DHAVE_CONFIG_H'
DLLTOOL='false'
DSYMUTIL=''
DUMPBIN=''
ECHO='printf %s\n'
ECHO_C=''
ECHO_N='-n'
ECHO_T=''
EGREP='/usr/bin/grep -E'
EXEEXT=''
FGREP='/usr/bin/grep -F'
GREP='/usr/bin/grep'
LD='/usr/local/bin/ld'
LDFLAGS=''
LIBOBJS=''
LIBS='-lpthread '
LIBTOOL='$(SHELL) $(top_builddir)/libtool'
LIPO=''
LN_S='ln -s'
LOCALIZED_FILES=' $(TOPDIR)/./copy/xfs_copy.c $(TOPDIR)/./db/addr.c $(TOPDIR)/./db/agf.c $(TOPDIR)/./db/agfl.c $(TOPDIR)/./db/agi.c $(TOPDIR)/./db/attr.c $(TOPDIR)/./db/attrset.c $(TOPDIR)/./db/attrshort.c $(TOPDIR)/./db/bit.c $(TOPDIR)/./db/block.c $(TOPDIR)/./db/bmap.c $(TOPDIR)/./db/bmroot.c $(TOPDIR)/./db/btblock.c $(TOPDIR)/./db/check.c $(TOPDIR)/./db/command.c $(TOPDIR)/./db/convert.c $(TOPDIR)/./db/debug.c $(TOPDIR)/./db/dir.c $(TOPDIR)/./db/dir2.c $(TOPDIR)/./db/dir2sf.c $(TOPDIR)/./db/dirshort.c $(TOPDIR)/./db/dquot.c $(TOPDIR)/./db/echo.c $(TOPDIR)/./db/faddr.c $(TOPDIR)/./db/field.c $(TOPDIR)/./db/flist.c $(TOPDIR)/./db/fprint.c $(TOPDIR)/./db/frag.c $(TOPDIR)/./db/freesp.c $(TOPDIR)/./db/hash.c $(TOPDIR)/./db/help.c $(TOPDIR)/./db/init.c $(TOPDIR)/./db/inode.c $(TOPDIR)/./db/input.c $(TOPDIR)/./db/io.c $(TOPDIR)/./db/malloc.c $(TOPDIR)/./db/metadump.c $(TOPDIR)/./db/output.c $(TOPDIR)/./db/print.c $(TOPDIR)/./db/quit.c $(TOPDIR)/./db/sb.c $(TOPDIR)/./db/sig.c $(TOPDIR)/./db/strvec.c $(TOPDIR)/./db/text.c $(TOPDIR)/./db/type.c $(TOPDIR)/./db/write.c $(TOPDIR)/./estimate/xfs_estimate.c $(TOPDIR)/./fsr/xfs_fsr.c $(TOPDIR)/./growfs/xfs_growfs.c $(TOPDIR)/./io/attr.c $(TOPDIR)/./io/bmap.c $(TOPDIR)/./io/fadvise.c $(TOPDIR)/./io/fiemap.c $(TOPDIR)/./io/file.c $(TOPDIR)/./io/freeze.c $(TOPDIR)/./io/fsync.c $(TOPDIR)/./io/getrusage.c $(TOPDIR)/./io/imap.c $(TOPDIR)/./io/init.c $(TOPDIR)/./io/inject.c $(TOPDIR)/./io/madvise.c $(TOPDIR)/./io/mincore.c $(TOPDIR)/./io/mmap.c $(TOPDIR)/./io/open.c $(TOPDIR)/./io/parent.c $(TOPDIR)/./io/pread.c $(TOPDIR)/./io/prealloc.c $(TOPDIR)/./io/pwrite.c $(TOPDIR)/./io/resblks.c $(TOPDIR)/./io/sendfile.c $(TOPDIR)/./io/shutdown.c $(TOPDIR)/./io/truncate.c $(TOPDIR)/./libdisk/dm.c $(TOPDIR)/./libdisk/drivers.c $(TOPDIR)/./libdisk/evms.c $(TOPDIR)/./libdisk/fstype.c $(TOPDIR)/./libdisk/lvm.c $(TOPDIR)/./libdisk/md.c $(TOPDIR)/./libdisk/pttype.c $(TOPDIR)/./libdisk/xvm.c $(TOPDIR)/./libhandle/handle.c $(TOPDIR)/./libhandle/jdm.c $(TOPDIR)/./libxcmd/command.c $(TOPDIR)/./libxcmd/help.c $(TOPDIR)/./libxcmd/input.c $(TOPDIR)/./libxcmd/paths.c $(TOPDIR)/./libxcmd/projects.c $(TOPDIR)/./libxcmd/quit.c $(TOPDIR)/./libxfs/cache.c $(TOPDIR)/./libxfs/darwin.c $(TOPDIR)/./libxfs/freebsd.c $(TOPDIR)/./libxfs/init.c $(TOPDIR)/./libxfs/irix.c $(TOPDIR)/./libxfs/kmem.c $(TOPDIR)/./libxfs/linux.c $(TOPDIR)/./libxfs/logitem.c $(TOPDIR)/./libxfs/rdwr.c $(TOPDIR)/./libxfs/trans.c $(TOPDIR)/./libxfs/util.c $(TOPDIR)/./libxfs/xfs_alloc.c $(TOPDIR)/./libxfs/xfs_alloc_btree.c $(TOPDIR)/./libxfs/xfs_attr.c $(TOPDIR)/./libxfs/xfs_attr_leaf.c $(TOPDIR)/./libxfs/xfs_bmap.c $(TOPDIR)/./libxfs/xfs_bmap_btree.c $(TOPDIR)/./libxfs/xfs_btree.c $(TOPDIR)/./libxfs/xfs_da_btree.c $(TOPDIR)/./libxfs/xfs_dir2.c $(TOPDIR)/./libxfs/xfs_dir2_block.c $(TOPDIR)/./libxfs/xfs_dir2_data.c $(TOPDIR)/./libxfs/xfs_dir2_leaf.c $(TOPDIR)/./libxfs/xfs_dir2_node.c $(TOPDIR)/./libxfs/xfs_dir2_sf.c $(TOPDIR)/./libxfs/xfs_ialloc.c $(TOPDIR)/./libxfs/xfs_ialloc_btree.c $(TOPDIR)/./libxfs/xfs_inode.c $(TOPDIR)/./libxfs/xfs_mount.c $(TOPDIR)/./libxfs/xfs_rtalloc.c $(TOPDIR)/./libxfs/xfs_trans.c $(TOPDIR)/./libxlog/util.c $(TOPDIR)/./libxlog/xfs_log_recover.c $(TOPDIR)/./logprint/log_copy.c $(TOPDIR)/./logprint/log_dump.c $(TOPDIR)/./logprint/log_misc.c $(TOPDIR)/./logprint/log_print_all.c $(TOPDIR)/./logprint/log_print_trans.c $(TOPDIR)/./logprint/logprint.c $(TOPDIR)/./mdrestore/xfs_mdrestore.c $(TOPDIR)/./mkfs/fstyp.c $(TOPDIR)/./mkfs/maxtrres.c $(TOPDIR)/./mkfs/proto.c $(TOPDIR)/./mkfs/xfs_mkfs.c $(TOPDIR)/./quota/darwin.c $(TOPDIR)/./quota/edit.c $(TOPDIR)/./quota/free.c $(TOPDIR)/./quota/freebsd.c $(TOPDIR)/./quota/init.c $(TOPDIR)/./quota/irix.c $(TOPDIR)/./quota/linux.c $(TOPDIR)/./quota/path.c $(TOPDIR)/./quota/project.c $(TOPDIR)/./quota/quot.c $(TOPDIR)/./quota/quota.c $(TOPDIR)/./quota/report.c $(TOPDIR)/./quota/state.c $(TOPDIR)/./quota/util.c $(TOPDIR)/./repair/agheader.c $(TOPDIR)/./repair/attr_repair.c $(TOPDIR)/./repair/avl.c $(TOPDIR)/./repair/avl64.c $(TOPDIR)/./repair/bmap.c $(TOPDIR)/./repair/btree.c $(TOPDIR)/./repair/dino_chunks.c $(TOPDIR)/./repair/dinode.c $(TOPDIR)/./repair/dir.c $(TOPDIR)/./repair/dir2.c $(TOPDIR)/./repair/globals.c $(TOPDIR)/./repair/incore.c $(TOPDIR)/./repair/incore_bmc.c $(TOPDIR)/./repair/incore_ext.c $(TOPDIR)/./repair/incore_ino.c $(TOPDIR)/./repair/init.c $(TOPDIR)/./repair/phase1.c $(TOPDIR)/./repair/phase2.c $(TOPDIR)/./repair/phase3.c $(TOPDIR)/./repair/phase4.c $(TOPDIR)/./repair/phase5.c $(TOPDIR)/./repair/phase6.c $(TOPDIR)/./repair/phase7.c $(TOPDIR)/./repair/prefetch.c $(TOPDIR)/./repair/progress.c $(TOPDIR)/./repair/rt.c $(TOPDIR)/./repair/sb.c $(TOPDIR)/./repair/scan.c $(TOPDIR)/./repair/threads.c $(TOPDIR)/./repair/versions.c $(TOPDIR)/./repair/xfs_repair.c $(TOPDIR)/./rtcp/xfs_rtcp.c'
LTLIBOBJS=''
LT_SYS_LIBRARY_PATH=''
MAKE='/usr/local/bin/gmake'
MANIFEST_TOOL=':'
MSGFMT=''
MSGMERGE=''
NM='/usr/local/bin/nm -B'
NMEDIT=''
OBJDUMP='objdump'
OBJEXT='o'
OTOOL64=''
OTOOL=''
PACKAGE_BUGREPORT=''
PACKAGE_NAME=''
PACKAGE_STRING=''
PACKAGE_TARNAME=''
PACKAGE_URL=''
PACKAGE_VERSION=''
PATH_SEPARATOR=':'
RANLIB='ranlib'
RPM=''
RPMBUILD=''
SED='/usr/bin/sed'
SHELL='/bin/sh'
SORT='/usr/bin/sort'
STRIP='strip'
TAR='/usr/bin/tar'
XGETTEXT=''
ZIP='/usr/bin/gzip'
ac_ct_AR='ar'
ac_ct_CC='gcc'
ac_ct_DUMPBIN=''
awk='nawk'
bindir='${exec_prefix}/bin'
build='amd64-unknown-freebsd11.0'
build_alias=''
build_cpu='amd64'
build_os='freebsd11.0'
build_vendor='unknown'
cc='gcc'
datadir='${datarootdir}'
datarootdir='${prefix}/share'
debug_build=''
docdir='${datarootdir}/doc/${PACKAGE}'
dvidir='${docdir}'
echo='printf %s\n'
enable_blkid='no'
enable_editline='no'
enable_gettext='no'
enable_lib64='yes'
enable_readline='no'
enable_shared='yes'
exec_prefix='${prefix}'
have_fadvise='yes'
have_fallocate=''
have_fiemap='no'
have_getmntent=''
have_getmntinfo='yes'
have_madvise='yes'
have_mincore='yes'
have_sendfile=''
have_zipped_manpages='false'
host='amd64-unknown-freebsd11.0'
host_alias=''
host_cpu='amd64'
host_os='freebsd11.0'
host_vendor='unknown'
htmldir='${docdir}'
includedir='${prefix}/include'
infodir='${datarootdir}/info'
libblkid=''
libdir='${exec_prefix}/lib'
libdirsuffix=''
libeditline=''
libexecdir='${exec_prefix}/libexec'
libpthread='-lpthread'
libreadline=''
librt=''
libtermcap=''
libuuid=''
localedir='${datarootdir}/locale'
localstatedir='${prefix}/var'
make='/usr/local/bin/gmake'
makedepend='gcc -MM'
malloc_lib=''
mandir='${datarootdir}/man'
msgfmt=''
msgmerge=''
oldincludedir='/usr/include'
opt_build='-g -O2'
pdfdir='${docdir}'
pkg_distribution='FreeBSD'
pkg_group='vagrant'
pkg_name='xfsprogs'
pkg_platform='freebsd'
pkg_release='1'
pkg_user='vagrant'
pkg_version='3.1.4'
prefix='/usr'
program_transform_name='s,x,x,'
psdir='${docdir}'
root_libdir='/lib'
root_sbindir='/sbin'
rpm=''
rpm_version='0'
rpmbuild=''
sbindir='${exec_prefix}/sbin'
sed='/usr/bin/sed'
sharedstatedir='${prefix}/com'
sort='/usr/bin/sort'
sysconfdir='${prefix}/etc'
tar='/usr/bin/tar'
target_alias=''
xgettext=''
zip='/usr/bin/gzip'

## ----------- ##
## confdefs.h. ##
## ----------- ##

/* confdefs.h */
#define PACKAGE_NAME ""
#define PACKAGE_TARNAME ""
#define PACKAGE_VERSION ""
#define PACKAGE_STRING ""
#define PACKAGE_BUGREPORT ""
#define PACKAGE_URL ""
#define STDC_HEADERS 1
#define HAVE_SYS_TYPES_H 1
#define HAVE_SYS_STAT_H 1
#define HAVE_STDLIB_H 1
#define HAVE_STRING_H 1
#define HAVE_MEMORY_H 1
#define HAVE_STRINGS_H 1
#define HAVE_INTTYPES_H 1
#define HAVE_STDINT_H 1
#define HAVE_UNISTD_H 1
#define HAVE_DLFCN_H 1
#define LT_OBJDIR ".libs/"
#define HAVE_AIO_H 1
#define HAVE_LIO_LISTIO 1
#define HAVE_UUID_H 1
#define HAVE_SYS_UUID_H 1
#define HAVE_UUID_COMPARE 1
#define HAVE_PTHREAD_H 1
#define HAVE_LIBPTHREAD 1
#define SIZEOF_LONG 8
#define SIZEOF_CHAR_P 8
#define HAVE_64BIT_LONG 1
#define HAVE_64BIT_PTR 1

configure: exit 0
